!SESSION 2017-07-27 23:11:52.214 -----------------------------------------------
eclipse.buildId=M20120208-0800
java.version=1.7.0_80
java.vendor=Oracle Corporation
BootLoader constants: OS=win32, ARCH=x86_64, WS=win32, NL=en_US
Framework arguments:  -product org.eclipse.epp.package.jee.product
Command-line arguments:  -data D:\July_3_2017_Selenium -os win32 -ws win32 -arch x86_64 -product org.eclipse.epp.package.jee.product

!ENTRY org.eclipse.ui.ide 4 4 2017-07-27 23:12:04.888
!MESSAGE Could not obtain lock for workspace location

!ENTRY org.eclipse.ui.ide 4 4 2017-07-27 23:12:04.898
!MESSAGE Could not obtain lock for workspace location
!STACK 0
java.io.IOException: The folder "D:\July_3_2017_Selenium\.metadata" is read-only.
	at org.eclipse.core.runtime.internal.adaptor.BasicLocation.lock(BasicLocation.java:206)
	at org.eclipse.core.runtime.internal.adaptor.BasicLocation.lock(BasicLocation.java:181)
	at org.eclipse.ui.internal.ide.application.IDEApplication.checkInstanceLocation(IDEApplication.java:195)
	at org.eclipse.ui.internal.ide.application.IDEApplication.start(IDEApplication.java:112)
	at org.eclipse.equinox.internal.app.EclipseAppHandle.run(EclipseAppHandle.java:196)
	at org.eclipse.core.runtime.internal.adaptor.EclipseAppLauncher.runApplication(EclipseAppLauncher.java:110)
	at org.eclipse.core.runtime.internal.adaptor.EclipseAppLauncher.start(EclipseAppLauncher.java:79)
	at org.eclipse.core.runtime.adaptor.EclipseStarter.run(EclipseStarter.java:344)
	at org.eclipse.core.runtime.adaptor.EclipseStarter.run(EclipseStarter.java:179)
	at sun.reflect.NativeMethodAccessorImpl.invoke0(Native Method)
	at sun.reflect.NativeMethodAccessorImpl.invoke(Unknown Source)
	at sun.reflect.DelegatingMethodAccessorImpl.invoke(Unknown Source)
	at java.lang.reflect.Method.invoke(Unknown Source)
	at org.eclipse.equinox.launcher.Main.invokeFramework(Main.java:622)
	at org.eclipse.equinox.launcher.Main.basicRun(Main.java:577)
	at org.eclipse.equinox.launcher.Main.run(Main.java:1410)
	at org.eclipse.equinox.launcher.Main.main(Main.java:1386)

!ENTRY org.eclipse.ui.ide 4 0 2017-07-27 23:12:20.413
!MESSAGE FrameworkEvent ERROR
!STACK 0
org.osgi.framework.BundleException: Exception in org.eclipse.ui.internal.ide.IDEWorkbenchPlugin.stop() of bundle org.eclipse.ui.ide.
	at org.eclipse.osgi.framework.internal.core.BundleContextImpl.stop(BundleContextImpl.java:791)
	at org.eclipse.osgi.framework.internal.core.BundleHost.stopWorker(BundleHost.java:510)
	at org.eclipse.osgi.framework.internal.core.AbstractBundle.suspend(AbstractBundle.java:565)
	at org.eclipse.osgi.framework.internal.core.Framework.suspendBundle(Framework.java:1161)
	at org.eclipse.osgi.framework.internal.core.StartLevelManager.decFWSL(StartLevelManager.java:595)
	at org.eclipse.osgi.framework.internal.core.StartLevelManager.doSetStartLevel(StartLevelManager.java:257)
	at org.eclipse.osgi.framework.internal.core.StartLevelManager.shutdown(StartLevelManager.java:215)
	at org.eclipse.osgi.framework.internal.core.InternalSystemBundle.suspend(InternalSystemBundle.java:284)
	at org.eclipse.osgi.framework.internal.core.Framework.shutdown(Framework.java:691)
	at org.eclipse.osgi.framework.internal.core.Framework.close(Framework.java:598)
	at org.eclipse.core.runtime.adaptor.EclipseStarter.shutdown(EclipseStarter.java:390)
	at org.eclipse.core.runtime.adaptor.EclipseStarter.run(EclipseStarter.java:198)
	at sun.reflect.NativeMethodAccessorImpl.invoke0(Native Method)
	at sun.reflect.NativeMethodAccessorImpl.invoke(Unknown Source)
	at sun.reflect.DelegatingMethodAccessorImpl.invoke(Unknown Source)
	at java.lang.reflect.Method.invoke(Unknown Source)
	at org.eclipse.equinox.launcher.Main.invokeFramework(Main.java:622)
	at org.eclipse.equinox.launcher.Main.basicRun(Main.java:577)
	at org.eclipse.equinox.launcher.Main.run(Main.java:1410)
	at org.eclipse.equinox.launcher.Main.main(Main.java:1386)
Caused by: java.lang.IllegalStateException: The platform metadata area could not be written: D:\July_3_2017_Selenium\.metadata.  By default the platform writes its content
under the current working directory when the platform is launched.  Use the -data parameter to
specify a different content area for the platform.
	at org.eclipse.core.internal.runtime.DataArea.assertLocationInitialized(DataArea.java:61)
	at org.eclipse.core.internal.runtime.DataArea.getStateLocation(DataArea.java:125)
	at org.eclipse.core.internal.preferences.InstancePreferences.getBaseLocation(InstancePreferences.java:44)
	at org.eclipse.core.internal.preferences.InstancePreferences.initializeChildren(InstancePreferences.java:199)
	at org.eclipse.core.internal.preferences.InstancePreferences.<init>(InstancePreferences.java:59)
	at org.eclipse.core.internal.preferences.InstancePreferences.internalCreate(InstancePreferences.java:209)
	at org.eclipse.core.internal.preferences.EclipsePreferences.create(EclipsePreferences.java:369)
	at org.eclipse.core.internal.preferences.EclipsePreferences.create(EclipsePreferences.java:357)
	at org.eclipse.core.internal.preferences.PreferencesService.createNode(PreferencesService.java:389)
	at org.eclipse.core.internal.preferences.RootPreferences.getChild(RootPreferences.java:63)
	at org.eclipse.core.internal.preferences.RootPreferences.getNode(RootPreferences.java:96)
	at org.eclipse.core.internal.preferences.RootPreferences.node(RootPreferences.java:85)
	at org.eclipse.core.internal.preferences.legacy.PreferenceForwarder.<init>(PreferenceForwarder.java:37)
	at org.eclipse.core.runtime.Plugin$1.run(Plugin.java:370)
	at org.eclipse.core.runtime.Plugin.getPluginPreferences(Plugin.java:373)
	at org.eclipse.core.runtime.Plugin.savePluginPreferences(Plugin.java:400)
	at org.eclipse.ui.plugin.AbstractUIPlugin.savePreferenceStore(AbstractUIPlugin.java:526)
	at org.eclipse.ui.plugin.AbstractUIPlugin.stop(AbstractUIPlugin.java:630)
	at org.eclipse.ui.internal.ide.IDEWorkbenchPlugin.stop(IDEWorkbenchPlugin.java:339)
	at org.eclipse.osgi.framework.internal.core.BundleContextImpl$2.run(BundleContextImpl.java:771)
	at java.security.AccessController.doPrivileged(Native Method)
	at org.eclipse.osgi.framework.internal.core.BundleContextImpl.stop(BundleContextImpl.java:764)
	... 19 more
Root exception:
java.lang.IllegalStateException: The platform metadata area could not be written: D:\July_3_2017_Selenium\.metadata.  By default the platform writes its content
under the current working directory when the platform is launched.  Use the -data parameter to
specify a different content area for the platform.
	at org.eclipse.core.internal.runtime.DataArea.assertLocationInitialized(DataArea.java:61)
	at org.eclipse.core.internal.runtime.DataArea.getStateLocation(DataArea.java:125)
	at org.eclipse.core.internal.preferences.InstancePreferences.getBaseLocation(InstancePreferences.java:44)
	at org.eclipse.core.internal.preferences.InstancePreferences.initializeChildren(InstancePreferences.java:199)
	at org.eclipse.core.internal.preferences.InstancePreferences.<init>(InstancePreferences.java:59)
	at org.eclipse.core.internal.preferences.InstancePreferences.internalCreate(InstancePreferences.java:209)
	at org.eclipse.core.internal.preferences.EclipsePreferences.create(EclipsePreferences.java:369)
	at org.eclipse.core.internal.preferences.EclipsePreferences.create(EclipsePreferences.java:357)
	at org.eclipse.core.internal.preferences.PreferencesService.createNode(PreferencesService.java:389)
	at org.eclipse.core.internal.preferences.RootPreferences.getChild(RootPreferences.java:63)
	at org.eclipse.core.internal.preferences.RootPreferences.getNode(RootPreferences.java:96)
	at org.eclipse.core.internal.preferences.RootPreferences.node(RootPreferences.java:85)
	at org.eclipse.core.internal.preferences.legacy.PreferenceForwarder.<init>(PreferenceForwarder.java:37)
	at org.eclipse.core.runtime.Plugin$1.run(Plugin.java:370)
	at org.eclipse.core.runtime.Plugin.getPluginPreferences(Plugin.java:373)
	at org.eclipse.core.runtime.Plugin.savePluginPreferences(Plugin.java:400)
	at org.eclipse.ui.plugin.AbstractUIPlugin.savePreferenceStore(AbstractUIPlugin.java:526)
	at org.eclipse.ui.plugin.AbstractUIPlugin.stop(AbstractUIPlugin.java:630)
	at org.eclipse.ui.internal.ide.IDEWorkbenchPlugin.stop(IDEWorkbenchPlugin.java:339)
	at org.eclipse.osgi.framework.internal.core.BundleContextImpl$2.run(BundleContextImpl.java:771)
	at java.security.AccessController.doPrivileged(Native Method)
	at org.eclipse.osgi.framework.internal.core.BundleContextImpl.stop(BundleContextImpl.java:764)
	at org.eclipse.osgi.framework.internal.core.BundleHost.stopWorker(BundleHost.java:510)
	at org.eclipse.osgi.framework.internal.core.AbstractBundle.suspend(AbstractBundle.java:565)
	at org.eclipse.osgi.framework.internal.core.Framework.suspendBundle(Framework.java:1161)
	at org.eclipse.osgi.framework.internal.core.StartLevelManager.decFWSL(StartLevelManager.java:595)
	at org.eclipse.osgi.framework.internal.core.StartLevelManager.doSetStartLevel(StartLevelManager.java:257)
	at org.eclipse.osgi.framework.internal.core.StartLevelManager.shutdown(StartLevelManager.java:215)
	at org.eclipse.osgi.framework.internal.core.InternalSystemBundle.suspend(InternalSystemBundle.java:284)
	at org.eclipse.osgi.framework.internal.core.Framework.shutdown(Framework.java:691)
	at org.eclipse.osgi.framework.internal.core.Framework.close(Framework.java:598)
	at org.eclipse.core.runtime.adaptor.EclipseStarter.shutdown(EclipseStarter.java:390)
	at org.eclipse.core.runtime.adaptor.EclipseStarter.run(EclipseStarter.java:198)
	at sun.reflect.NativeMethodAccessorImpl.invoke0(Native Method)
	at sun.reflect.NativeMethodAccessorImpl.invoke(Unknown Source)
	at sun.reflect.DelegatingMethodAccessorImpl.invoke(Unknown Source)
	at java.lang.reflect.Method.invoke(Unknown Source)
	at org.eclipse.equinox.launcher.Main.invokeFramework(Main.java:622)
	at org.eclipse.equinox.launcher.Main.basicRun(Main.java:577)
	at org.eclipse.equinox.launcher.Main.run(Main.java:1410)
	at org.eclipse.equinox.launcher.Main.main(Main.java:1386)
